<?xml version="1.0" encoding="UTF-8"?>
<!-- Generated by org.testng.reporters.JUnitReportReporter -->
<testsuite hostname="DESKTOP-7DTVST3" name="tests.NewCategoryTest" tests="1" failures="0" timestamp="5 Oct 2020 14:13:00 GMT" time="8.562" errors="0">
  <testcase name="addcategory" time="8.562" classname="tests.NewCategoryTest"/>
</testsuite> <!-- tests.NewCategoryTest -->
